{"C:\\Users\\lazer\\FullstackOpen\\practice\\frontend\\src\\App.jsx": {"path":"C:\\Users\\lazer\\FullstackOpen\\practice\\frontend\\src\\App.jsx","statementMap":{"0":{"start":{"line":11,"column":12},"end":{"line":126,"column":1}},"1":{"start":{"line":12,"column":42},"end":{"line":12,"column":56}},"2":{"start":{"line":14,"column":28},"end":{"line":14,"column":40}},"3":{"start":{"line":15,"column":32},"end":{"line":15,"column":46}},"4":{"start":{"line":17,"column":26},"end":{"line":17,"column":40}},"5":{"start":{"line":19,"column":22},"end":{"line":19,"column":30}},"6":{"start":{"line":21,"column":2},"end":{"line":27,"column":8}},"7":{"start":{"line":22,"column":26},"end":{"line":25,"column":5}},"8":{"start":{"line":23,"column":27},"end":{"line":23,"column":53}},"9":{"start":{"line":24,"column":6},"end":{"line":24,"column":28}},"10":{"start":{"line":26,"column":4},"end":{"line":26,"column":19}},"11":{"start":{"line":29,"column":2},"end":{"line":36,"column":8}},"12":{"start":{"line":30,"column":25},"end":{"line":30,"column":73}},"13":{"start":{"line":31,"column":4},"end":{"line":35,"column":5}},"14":{"start":{"line":32,"column":19},"end":{"line":32,"column":43}},"15":{"start":{"line":33,"column":6},"end":{"line":33,"column":19}},"16":{"start":{"line":34,"column":6},"end":{"line":34,"column":38}},"17":{"start":{"line":38,"column":22},"end":{"line":43,"column":3}},"18":{"start":{"line":39,"column":4},"end":{"line":39,"column":28}},"19":{"start":{"line":40,"column":4},"end":{"line":42,"column":12}},"20":{"start":{"line":41,"column":6},"end":{"line":41,"column":27}},"21":{"start":{"line":48,"column":29},"end":{"line":59,"column":3}},"22":{"start":{"line":49,"column":17},"end":{"line":49,"column":45}},"23":{"start":{"line":49,"column":33},"end":{"line":49,"column":44}},"24":{"start":{"line":50,"column":24},"end":{"line":50,"column":63}},"25":{"start":{"line":52,"column":4},"end":{"line":58,"column":5}},"26":{"start":{"line":53,"column":27},"end":{"line":53,"column":68}},"27":{"start":{"line":54,"column":6},"end":{"line":54,"column":71}},"28":{"start":{"line":54,"column":33},"end":{"line":54,"column":69}},"29":{"start":{"line":56,"column":6},"end":{"line":56,"column":83}},"30":{"start":{"line":57,"column":6},"end":{"line":57,"column":54}},"31":{"start":{"line":57,"column":38},"end":{"line":57,"column":52}},"32":{"start":{"line":60,"column":16},"end":{"line":71,"column":3}},"33":{"start":{"line":61,"column":4},"end":{"line":70,"column":5}},"34":{"start":{"line":62,"column":27},"end":{"line":62,"column":75}},"35":{"start":{"line":63,"column":6},"end":{"line":63,"column":46}},"36":{"start":{"line":64,"column":6},"end":{"line":64,"column":84}},"37":{"start":{"line":65,"column":6},"end":{"line":65,"column":27}},"38":{"start":{"line":68,"column":6},"end":{"line":68,"column":20}},"39":{"start":{"line":69,"column":6},"end":{"line":69,"column":38}},"40":{"start":{"line":72,"column":17},"end":{"line":75,"column":3}},"41":{"start":{"line":73,"column":4},"end":{"line":73,"column":55}},"42":{"start":{"line":74,"column":4},"end":{"line":74,"column":17}},"43":{"start":{"line":76,"column":21},"end":{"line":87,"column":3}},"44":{"start":{"line":77,"column":4},"end":{"line":77,"column":42}},"45":{"start":{"line":78,"column":4},"end":{"line":86,"column":5}},"46":{"start":{"line":79,"column":23},"end":{"line":79,"column":59}},"47":{"start":{"line":80,"column":6},"end":{"line":80,"column":38}},"48":{"start":{"line":82,"column":6},"end":{"line":82,"column":20}},"49":{"start":{"line":83,"column":6},"end":{"line":85,"column":7}},"50":{"start":{"line":84,"column":8},"end":{"line":84,"column":42}},"51":{"start":{"line":90,"column":22},"end":{"line":90,"column":87}},"52":{"start":{"line":90,"column":63},"end":{"line":90,"column":86}},"53":{"start":{"line":91,"column":2},"end":{"line":125,"column":3}},"54":{"start":{"line":114,"column":29},"end":{"line":114,"column":49}},"55":{"start":{"line":119,"column":34},"end":{"line":119,"column":121}},"56":{"start":{"line":119,"column":90},"end":{"line":119,"column":117}}},"fnMap":{"0":{"name":"(anonymous_0)","decl":{"start":{"line":11,"column":12},"end":{"line":11,"column":13}},"loc":{"start":{"line":11,"column":18},"end":{"line":126,"column":1}},"line":11},"1":{"name":"(anonymous_1)","decl":{"start":{"line":21,"column":12},"end":{"line":21,"column":13}},"loc":{"start":{"line":21,"column":18},"end":{"line":27,"column":3}},"line":21},"2":{"name":"(anonymous_2)","decl":{"start":{"line":22,"column":26},"end":{"line":22,"column":27}},"loc":{"start":{"line":22,"column":38},"end":{"line":25,"column":5}},"line":22},"3":{"name":"(anonymous_3)","decl":{"start":{"line":29,"column":12},"end":{"line":29,"column":13}},"loc":{"start":{"line":29,"column":18},"end":{"line":36,"column":3}},"line":29},"4":{"name":"(anonymous_4)","decl":{"start":{"line":38,"column":22},"end":{"line":38,"column":23}},"loc":{"start":{"line":38,"column":35},"end":{"line":43,"column":3}},"line":38},"5":{"name":"(anonymous_5)","decl":{"start":{"line":40,"column":15},"end":{"line":40,"column":16}},"loc":{"start":{"line":40,"column":21},"end":{"line":42,"column":5}},"line":40},"6":{"name":"(anonymous_6)","decl":{"start":{"line":48,"column":29},"end":{"line":48,"column":30}},"loc":{"start":{"line":48,"column":41},"end":{"line":59,"column":3}},"line":48},"7":{"name":"(anonymous_7)","decl":{"start":{"line":49,"column":28},"end":{"line":49,"column":29}},"loc":{"start":{"line":49,"column":33},"end":{"line":49,"column":44}},"line":49},"8":{"name":"(anonymous_8)","decl":{"start":{"line":54,"column":25},"end":{"line":54,"column":26}},"loc":{"start":{"line":54,"column":33},"end":{"line":54,"column":69}},"line":54},"9":{"name":"(anonymous_9)","decl":{"start":{"line":57,"column":28},"end":{"line":57,"column":29}},"loc":{"start":{"line":57,"column":38},"end":{"line":57,"column":52}},"line":57},"10":{"name":"(anonymous_10)","decl":{"start":{"line":60,"column":16},"end":{"line":60,"column":17}},"loc":{"start":{"line":60,"column":46},"end":{"line":71,"column":3}},"line":60},"11":{"name":"(anonymous_11)","decl":{"start":{"line":72,"column":17},"end":{"line":72,"column":18}},"loc":{"start":{"line":72,"column":23},"end":{"line":75,"column":3}},"line":72},"12":{"name":"(anonymous_12)","decl":{"start":{"line":76,"column":21},"end":{"line":76,"column":22}},"loc":{"start":{"line":76,"column":43},"end":{"line":87,"column":3}},"line":76},"13":{"name":"(anonymous_13)","decl":{"start":{"line":90,"column":53},"end":{"line":90,"column":54}},"loc":{"start":{"line":90,"column":63},"end":{"line":90,"column":86}},"line":90},"14":{"name":"(anonymous_14)","decl":{"start":{"line":114,"column":23},"end":{"line":114,"column":24}},"loc":{"start":{"line":114,"column":29},"end":{"line":114,"column":49}},"line":114},"15":{"name":"(anonymous_15)","decl":{"start":{"line":119,"column":26},"end":{"line":119,"column":27}},"loc":{"start":{"line":119,"column":34},"end":{"line":119,"column":121}},"line":119},"16":{"name":"(anonymous_16)","decl":{"start":{"line":119,"column":84},"end":{"line":119,"column":85}},"loc":{"start":{"line":119,"column":90},"end":{"line":119,"column":117}},"line":119}},"branchMap":{"0":{"loc":{"start":{"line":31,"column":4},"end":{"line":35,"column":5}},"type":"if","locations":[{"start":{"line":31,"column":4},"end":{"line":35,"column":5}},{"start":{},"end":{}}],"line":31},"1":{"loc":{"start":{"line":54,"column":33},"end":{"line":54,"column":69}},"type":"cond-expr","locations":[{"start":{"line":54,"column":50},"end":{"line":54,"column":54}},{"start":{"line":54,"column":57},"end":{"line":54,"column":69}}],"line":54},"2":{"loc":{"start":{"line":83,"column":6},"end":{"line":85,"column":7}},"type":"if","locations":[{"start":{"line":83,"column":6},"end":{"line":85,"column":7}},{"start":{},"end":{}}],"line":83},"3":{"loc":{"start":{"line":90,"column":22},"end":{"line":90,"column":87}},"type":"cond-expr","locations":[{"start":{"line":90,"column":32},"end":{"line":90,"column":37}},{"start":{"line":90,"column":40},"end":{"line":90,"column":87}}],"line":90},"4":{"loc":{"start":{"line":96,"column":8},"end":{"line":102,"column":14}},"type":"binary-expr","locations":[{"start":{"line":96,"column":8},"end":{"line":96,"column":12}},{"start":{"line":96,"column":16},"end":{"line":102,"column":14}}],"line":96},"5":{"loc":{"start":{"line":106,"column":8},"end":{"line":112,"column":22}},"type":"cond-expr","locations":[{"start":{"line":107,"column":10},"end":{"line":109,"column":22}},{"start":{"line":110,"column":10},"end":{"line":112,"column":22}}],"line":106},"6":{"loc":{"start":{"line":115,"column":14},"end":{"line":115,"column":43}},"type":"cond-expr","locations":[{"start":{"line":115,"column":24},"end":{"line":115,"column":35}},{"start":{"line":115,"column":38},"end":{"line":115,"column":43}}],"line":115}},"s":{"0":0,"1":0,"2":0,"3":0,"4":0,"5":0,"6":0,"7":0,"8":0,"9":0,"10":0,"11":0,"12":0,"13":0,"14":0,"15":0,"16":0,"17":0,"18":0,"19":0,"20":0,"21":0,"22":0,"23":0,"24":0,"25":0,"26":0,"27":0,"28":0,"29":0,"30":0,"31":0,"32":0,"33":0,"34":0,"35":0,"36":0,"37":0,"38":0,"39":0,"40":0,"41":0,"42":0,"43":0,"44":0,"45":0,"46":0,"47":0,"48":0,"49":0,"50":0,"51":0,"52":0,"53":0,"54":0,"55":0,"56":0},"f":{"0":0,"1":0,"2":0,"3":0,"4":0,"5":0,"6":0,"7":0,"8":0,"9":0,"10":0,"11":0,"12":0,"13":0,"14":0,"15":0,"16":0},"b":{"0":[0,0],"1":[0,0],"2":[0,0],"3":[0,0],"4":[0,0],"5":[0,0],"6":[0,0]}}
,"C:\\Users\\lazer\\FullstackOpen\\practice\\frontend\\src\\main.jsx": {"path":"C:\\Users\\lazer\\FullstackOpen\\practice\\frontend\\src\\main.jsx","statementMap":{"0":{"start":{"line":7,"column":0},"end":{"line":9,"column":1}}},"fnMap":{},"branchMap":{},"s":{"0":0},"f":{},"b":{}}
,"C:\\Users\\lazer\\FullstackOpen\\practice\\frontend\\src\\components\\Footer.jsx": {"path":"C:\\Users\\lazer\\FullstackOpen\\practice\\frontend\\src\\components\\Footer.jsx","statementMap":{"0":{"start":{"line":3,"column":15},"end":{"line":15,"column":1}},"1":{"start":{"line":4,"column":22},"end":{"line":8,"column":3}},"2":{"start":{"line":9,"column":2},"end":{"line":14,"column":3}}},"fnMap":{"0":{"name":"(anonymous_0)","decl":{"start":{"line":3,"column":15},"end":{"line":3,"column":16}},"loc":{"start":{"line":3,"column":21},"end":{"line":15,"column":1}},"line":3}},"branchMap":{},"s":{"0":0,"1":0,"2":0},"f":{"0":0},"b":{}}
,"C:\\Users\\lazer\\FullstackOpen\\practice\\frontend\\src\\components\\LoginForm.jsx": {"path":"C:\\Users\\lazer\\FullstackOpen\\practice\\frontend\\src\\components\\LoginForm.jsx","statementMap":{"0":{"start":{"line":4,"column":18},"end":{"line":26,"column":1}},"1":{"start":{"line":5,"column":34},"end":{"line":5,"column":46}},"2":{"start":{"line":6,"column":34},"end":{"line":6,"column":46}},"3":{"start":{"line":8,"column":23},"end":{"line":13,"column":3}},"4":{"start":{"line":9,"column":4},"end":{"line":9,"column":26}},"5":{"start":{"line":10,"column":4},"end":{"line":10,"column":19}},"6":{"start":{"line":11,"column":4},"end":{"line":11,"column":19}},"7":{"start":{"line":12,"column":4},"end":{"line":12,"column":29}},"8":{"start":{"line":15,"column":2},"end":{"line":25,"column":3}},"9":{"start":{"line":18,"column":93},"end":{"line":18,"column":120}},"10":{"start":{"line":21,"column":93},"end":{"line":21,"column":120}},"11":{"start":{"line":27,"column":0},"end":{"line":29,"column":1}}},"fnMap":{"0":{"name":"(anonymous_0)","decl":{"start":{"line":4,"column":18},"end":{"line":4,"column":19}},"loc":{"start":{"line":4,"column":33},"end":{"line":26,"column":1}},"line":4},"1":{"name":"(anonymous_1)","decl":{"start":{"line":8,"column":23},"end":{"line":8,"column":24}},"loc":{"start":{"line":8,"column":34},"end":{"line":13,"column":3}},"line":8},"2":{"name":"(anonymous_2)","decl":{"start":{"line":18,"column":86},"end":{"line":18,"column":87}},"loc":{"start":{"line":18,"column":93},"end":{"line":18,"column":120}},"line":18},"3":{"name":"(anonymous_3)","decl":{"start":{"line":21,"column":86},"end":{"line":21,"column":87}},"loc":{"start":{"line":21,"column":93},"end":{"line":21,"column":120}},"line":21}},"branchMap":{},"s":{"0":0,"1":0,"2":0,"3":0,"4":0,"5":0,"6":0,"7":0,"8":0,"9":0,"10":0,"11":0},"f":{"0":0,"1":0,"2":0,"3":0},"b":{}}
,"C:\\Users\\lazer\\FullstackOpen\\practice\\frontend\\src\\components\\Note.jsx": {"path":"C:\\Users\\lazer\\FullstackOpen\\practice\\frontend\\src\\components\\Note.jsx","statementMap":{"0":{"start":{"line":2,"column":13},"end":{"line":10,"column":1}},"1":{"start":{"line":3,"column":16},"end":{"line":3,"column":72}},"2":{"start":{"line":4,"column":2},"end":{"line":9,"column":3}}},"fnMap":{"0":{"name":"(anonymous_0)","decl":{"start":{"line":2,"column":13},"end":{"line":2,"column":14}},"loc":{"start":{"line":2,"column":45},"end":{"line":10,"column":1}},"line":2}},"branchMap":{"0":{"loc":{"start":{"line":3,"column":16},"end":{"line":3,"column":72}},"type":"cond-expr","locations":[{"start":{"line":3,"column":33},"end":{"line":3,"column":53}},{"start":{"line":3,"column":56},"end":{"line":3,"column":72}}],"line":3}},"s":{"0":1,"1":2,"2":2},"f":{"0":2},"b":{"0":[2,0]},"_coverageSchema":"1a1c01bbd47fc00a2c39e90264f33305004495a9","hash":"b756e5bfab633eb3c9aaf6191576ff15ff7a88aa"}
,"C:\\Users\\lazer\\FullstackOpen\\practice\\frontend\\src\\components\\NoteForm.jsx": {"path":"C:\\Users\\lazer\\FullstackOpen\\practice\\frontend\\src\\components\\NoteForm.jsx","statementMap":{"0":{"start":{"line":3,"column":17},"end":{"line":21,"column":1}},"1":{"start":{"line":4,"column":32},"end":{"line":4,"column":44}},"2":{"start":{"line":5,"column":18},"end":{"line":13,"column":3}},"3":{"start":{"line":6,"column":4},"end":{"line":6,"column":22}},"4":{"start":{"line":7,"column":23},"end":{"line":10,"column":5}},"5":{"start":{"line":11,"column":4},"end":{"line":11,"column":18}},"6":{"start":{"line":12,"column":4},"end":{"line":12,"column":26}},"7":{"start":{"line":15,"column":2},"end":{"line":20,"column":3}},"8":{"start":{"line":17,"column":30},"end":{"line":17,"column":56}}},"fnMap":{"0":{"name":"(anonymous_0)","decl":{"start":{"line":3,"column":17},"end":{"line":3,"column":18}},"loc":{"start":{"line":3,"column":37},"end":{"line":21,"column":1}},"line":3},"1":{"name":"(anonymous_1)","decl":{"start":{"line":5,"column":18},"end":{"line":5,"column":19}},"loc":{"start":{"line":5,"column":31},"end":{"line":13,"column":3}},"line":5},"2":{"name":"(anonymous_2)","decl":{"start":{"line":17,"column":23},"end":{"line":17,"column":24}},"loc":{"start":{"line":17,"column":30},"end":{"line":17,"column":56}},"line":17}},"branchMap":{},"s":{"0":1,"1":19,"2":19,"3":1,"4":1,"5":1,"6":1,"7":19,"8":17},"f":{"0":19,"1":1,"2":17},"b":{},"_coverageSchema":"1a1c01bbd47fc00a2c39e90264f33305004495a9","hash":"63407c732dc430ce8d42d8941039f85508b1f70c"}
,"C:\\Users\\lazer\\FullstackOpen\\practice\\frontend\\src\\components\\Notification.jsx": {"path":"C:\\Users\\lazer\\FullstackOpen\\practice\\frontend\\src\\components\\Notification.jsx","statementMap":{"0":{"start":{"line":3,"column":21},"end":{"line":12,"column":1}},"1":{"start":{"line":4,"column":2},"end":{"line":6,"column":3}},"2":{"start":{"line":5,"column":4},"end":{"line":5,"column":15}},"3":{"start":{"line":7,"column":2},"end":{"line":11,"column":3}}},"fnMap":{"0":{"name":"(anonymous_0)","decl":{"start":{"line":3,"column":21},"end":{"line":3,"column":22}},"loc":{"start":{"line":3,"column":38},"end":{"line":12,"column":1}},"line":3}},"branchMap":{"0":{"loc":{"start":{"line":4,"column":2},"end":{"line":6,"column":3}},"type":"if","locations":[{"start":{"line":4,"column":2},"end":{"line":6,"column":3}},{"start":{},"end":{}}],"line":4}},"s":{"0":0,"1":0,"2":0,"3":0},"f":{"0":0},"b":{"0":[0,0]}}
,"C:\\Users\\lazer\\FullstackOpen\\practice\\frontend\\src\\components\\Togglable.jsx": {"path":"C:\\Users\\lazer\\FullstackOpen\\practice\\frontend\\src\\components\\Togglable.jsx","statementMap":{"0":{"start":{"line":4,"column":18},"end":{"line":26,"column":2}},"1":{"start":{"line":5,"column":32},"end":{"line":5,"column":42}},"2":{"start":{"line":6,"column":26},"end":{"line":6,"column":60}},"3":{"start":{"line":7,"column":26},"end":{"line":7,"column":60}},"4":{"start":{"line":9,"column":27},"end":{"line":11,"column":3}},"5":{"start":{"line":10,"column":4},"end":{"line":10,"column":24}},"6":{"start":{"line":12,"column":2},"end":{"line":14,"column":4}},"7":{"start":{"line":13,"column":4},"end":{"line":13,"column":31}},"8":{"start":{"line":15,"column":2},"end":{"line":25,"column":3}},"9":{"start":{"line":28,"column":0},"end":{"line":28,"column":35}},"10":{"start":{"line":29,"column":0},"end":{"line":31,"column":1}}},"fnMap":{"0":{"name":"(anonymous_0)","decl":{"start":{"line":4,"column":29},"end":{"line":4,"column":30}},"loc":{"start":{"line":4,"column":45},"end":{"line":26,"column":1}},"line":4},"1":{"name":"(anonymous_1)","decl":{"start":{"line":9,"column":27},"end":{"line":9,"column":28}},"loc":{"start":{"line":9,"column":33},"end":{"line":11,"column":3}},"line":9},"2":{"name":"(anonymous_2)","decl":{"start":{"line":12,"column":27},"end":{"line":12,"column":28}},"loc":{"start":{"line":12,"column":33},"end":{"line":14,"column":3}},"line":12}},"branchMap":{"0":{"loc":{"start":{"line":6,"column":37},"end":{"line":6,"column":58}},"type":"cond-expr","locations":[{"start":{"line":6,"column":47},"end":{"line":6,"column":53}},{"start":{"line":6,"column":56},"end":{"line":6,"column":58}}],"line":6},"1":{"loc":{"start":{"line":7,"column":37},"end":{"line":7,"column":58}},"type":"cond-expr","locations":[{"start":{"line":7,"column":47},"end":{"line":7,"column":49}},{"start":{"line":7,"column":52},"end":{"line":7,"column":58}}],"line":7}},"s":{"0":1,"1":7,"2":7,"3":7,"4":7,"5":3,"6":7,"7":0,"8":7,"9":1,"10":1},"f":{"0":7,"1":3,"2":0},"b":{"0":[2,5],"1":[2,5]},"_coverageSchema":"1a1c01bbd47fc00a2c39e90264f33305004495a9","hash":"1e558690ac5768e9d44c569220d396395ea2f3d4"}
,"C:\\Users\\lazer\\FullstackOpen\\practice\\frontend\\src\\services\\login.js": {"path":"C:\\Users\\lazer\\FullstackOpen\\practice\\frontend\\src\\services\\login.js","statementMap":{"0":{"start":{"line":2,"column":16},"end":{"line":2,"column":28}},"1":{"start":{"line":4,"column":14},"end":{"line":7,"column":1}},"2":{"start":{"line":5,"column":19},"end":{"line":5,"column":57}},"3":{"start":{"line":6,"column":2},"end":{"line":6,"column":22}}},"fnMap":{"0":{"name":"(anonymous_0)","decl":{"start":{"line":4,"column":14},"end":{"line":4,"column":15}},"loc":{"start":{"line":4,"column":37},"end":{"line":7,"column":1}},"line":4}},"branchMap":{},"s":{"0":0,"1":0,"2":0,"3":0},"f":{"0":0},"b":{}}
,"C:\\Users\\lazer\\FullstackOpen\\practice\\frontend\\src\\services\\notes.js": {"path":"C:\\Users\\lazer\\FullstackOpen\\practice\\frontend\\src\\services\\notes.js","statementMap":{"0":{"start":{"line":2,"column":16},"end":{"line":2,"column":28}},"1":{"start":{"line":4,"column":12},"end":{"line":4,"column":16}},"2":{"start":{"line":6,"column":17},"end":{"line":8,"column":1}},"3":{"start":{"line":7,"column":2},"end":{"line":7,"column":30}},"4":{"start":{"line":10,"column":15},"end":{"line":18,"column":1}},"5":{"start":{"line":11,"column":19},"end":{"line":11,"column":43}},"6":{"start":{"line":12,"column":22},"end":{"line":16,"column":3}},"7":{"start":{"line":17,"column":2},"end":{"line":17,"column":42}},"8":{"start":{"line":20,"column":15},"end":{"line":26,"column":1}},"9":{"start":{"line":21,"column":17},"end":{"line":23,"column":3}},"10":{"start":{"line":24,"column":19},"end":{"line":24,"column":63}},"11":{"start":{"line":25,"column":2},"end":{"line":25,"column":22}},"12":{"start":{"line":28,"column":15},"end":{"line":31,"column":1}},"13":{"start":{"line":29,"column":19},"end":{"line":29,"column":65}},"14":{"start":{"line":30,"column":2},"end":{"line":30,"column":22}}},"fnMap":{"0":{"name":"(anonymous_0)","decl":{"start":{"line":6,"column":17},"end":{"line":6,"column":18}},"loc":{"start":{"line":6,"column":29},"end":{"line":8,"column":1}},"line":6},"1":{"name":"(anonymous_1)","decl":{"start":{"line":10,"column":15},"end":{"line":10,"column":16}},"loc":{"start":{"line":10,"column":27},"end":{"line":18,"column":1}},"line":10},"2":{"name":"(anonymous_2)","decl":{"start":{"line":20,"column":15},"end":{"line":20,"column":16}},"loc":{"start":{"line":20,"column":36},"end":{"line":26,"column":1}},"line":20},"3":{"name":"(anonymous_3)","decl":{"start":{"line":28,"column":15},"end":{"line":28,"column":16}},"loc":{"start":{"line":28,"column":40},"end":{"line":31,"column":1}},"line":28}},"branchMap":{},"s":{"0":0,"1":0,"2":0,"3":0,"4":0,"5":0,"6":0,"7":0,"8":0,"9":0,"10":0,"11":0,"12":0,"13":0,"14":0},"f":{"0":0,"1":0,"2":0,"3":0},"b":{}}
}
